<?xml version="1.0" encoding="UTF-8"?>
<!-- Generated by org.testng.reporters.JUnitXMLReporter -->
<testsuite ignored="0" hostname="LAPTOP-HRQP0RUN" failures="1" tests="1" name="Test" time="8.829" errors="0" timestamp="2022-07-12T17:28:43 CLT">
  <testcase classname="main.java.test.testopenCart.openCartT" name="QAS1" time="4.872">
    <failure type="java.lang.AssertionError" message="null">
      <![CDATA[java.lang.AssertionError: null
at main.java.main.java.utils.utils.eventFailed(utils.java:42)
at main.java.main.java.utils.Validaciones.trueBooleanCondition(Validaciones.java:10)
at main.java.main.pageEvents.openCartLogin.selectProduct(openCartLogin.java:107)
at main.java.test.testopenCart.openCartT.QAS1(openCartT.java:24)
at java.base/java.util.ArrayList.forEach(ArrayList.java:1511)
... Removed 27 stack frames]]>
    </failure>
  </testcase> <!-- QAS1 -->
</testsuite> <!-- Test -->
